INFO:__main__:Started poker
INFO:__main__:{'player_hand': ['T\u2663', '5\u2666', 'T\u2666', '3\u2665', 'K\u2665', '7\u2666', '5\u2665', 'A\u2666', '7\u2665'], 'player_hand_score': ['Pair or better', [1, 2, 2, 2, 1, 1]]}
INFO:__main__:Started poker
INFO:__main__:{'player_hand': ['T\u2660', '5\u2660', '4\u2666', 'A\u2665', 'Q\u2665', '5\u2666', '7\u2660', 'A\u2660', 'K\u2663'], 'player_hand_score': ['Pair or better', 'Pair']}
INFO:__main__:Started poker
ERROR:__main__:cannot access local variable 'rank_multiples' where it is not associated with a value
Traceback (most recent call last):
  File "C:\Users\cgzho\OneDrive\Documents\GitHub\CardLineInterface\CardLineInterface.py", line 612, in <module>
    poker().game_state()
  File "C:\Users\cgzho\OneDrive\Documents\GitHub\CardLineInterface\CardLineInterface.py", line 469, in game_state
    cpu.score = game.score_hand(hand = cpu_hand_final_temp, score_actor = cpu.score)
                ^^^^^^^^^^^^^^^^^^^^^^^^^^^^^^^^^^^^^^^^^^^^^^^^^^^^^^^^^^^^^^^^^^^^
  File "C:\Users\cgzho\OneDrive\Documents\GitHub\CardLineInterface\CardLineInterface.py", line 545, in score_hand
    if rank_multiples:
       ^^^^^^^^^^^^^^
UnboundLocalError: cannot access local variable 'rank_multiples' where it is not associated with a value
INFO:__main__:Started poker
ERROR:__main__:'dict' object has no attribute 'add'
Traceback (most recent call last):
  File "C:\Users\cgzho\OneDrive\Documents\GitHub\CardLineInterface\CardLineInterface.py", line 612, in <module>
    poker().game_state()
  File "C:\Users\cgzho\OneDrive\Documents\GitHub\CardLineInterface\CardLineInterface.py", line 384, in game_state
    game.metadata_update(update_key =f'{cpu}_hand', update_value =cpu.hand)
  File "C:\Users\cgzho\OneDrive\Documents\GitHub\CardLineInterface\CardLineInterface.py", line 348, in metadata_update
    self.metadata.add({update_key:update_value})
    ^^^^^^^^^^^^^^^^^
AttributeError: 'dict' object has no attribute 'add'
INFO:__main__:Started poker
INFO:__main__:{'player_hand': ['5\u2660', '7\u2666', '6\u2660', '4\u2666', 'Q\u2666', '9\u2665', 'T\u2665', 'K\u2666', 'K\u2665'], 'player_hand_score': ['Pair or better'], '<__main__.actor object at 0x000001A96BEABAA0>_hand': ['6\u2663', '8\u2660'], '<__main__.actor object at 0x000001A96C4EA330>_hand': ['K\u2660', '5\u2663'], '<__main__.actor object at 0x000001A96C087BF0>_hand': ['2\u2660', '9\u2666'], '<__main__.actor object at 0x000001A96BEABAA0>_hand_score': ['Pair or better', 'Pair'], '<__main__.actor object at 0x000001A96C4EA330>_hand_score': ['Pair or better', 'Three of a kind'], '<__main__.actor object at 0x000001A96C087BF0>_hand_score': ['Pair or better', 'Pair']}
INFO:__main__:Started poker
INFO:__main__:{'player_hand': ['8\u2663', '5\u2660', 'T\u2660', '6\u2666', 'J\u2665', 'Q\u2660', 'A\u2660', 'A\u2666', '5\u2666'], 'player_hand_score': ['Pair or better', 'Pair'], 'Nelly_hand': ['6\u2663', 'T\u2663'], 'Smith_hand': ['9\u2660', '2\u2665'], 'Ocean_hand': ['8\u2660', '3\u2660'], 'Nelly_hand_score': ['Pair or better', 'Pair'], 'Smith_hand_score': ['Pair or better'], 'Ocean_hand_score': ['Pair or better', 'Flush']}
INFO:__main__:Started poker
INFO:__main__:{'player_hand': ['Q\u2663', 'Q\u2660', '8\u2665', 'A\u2666', '7\u2665', 'Q\u2666', '3\u2660', 'J\u2663', '7\u2663'], 'player_hand_score': ['Pair or better', 'Pair', 'Three of a kind', 'Full house'], 'Nelly_hand': ['K\u2663', 'A\u2660'], 'Smith_hand': ['J\u2665', '9\u2666'], 'Ocean_hand': ['3\u2666', 'A\u2665'], 'Table_hand': ['8\u2665', 'A\u2666', '7\u2665', 'Q\u2666', '3\u2660', 'J\u2663', '7\u2663'], 'Nelly_hand_score': ['Pair or better', 'Pair'], 'Smith_hand_score': ['Pair or better', 'Pair'], 'Ocean_hand_score': ['Pair or better', 'Pair']}
INFO:__main__:Started poker
INFO:__main__:{'player_hand': ['T\u2663', 'J\u2663', '9\u2665', 'A\u2660', '3\u2666', '8\u2660', '8\u2663', '6\u2660', 'T\u2666'], 'player_hand_score': ['Pair or better', 'Pair'], 'Nelly_hand': ['9\u2663', '4\u2665', '9\u2665', 'A\u2660', '3\u2666', '8\u2660', '8\u2663', '6\u2660', 'T\u2666'], 'Smith_hand': ['A\u2663', '8\u2666', '9\u2665', 'A\u2660', '3\u2666', '8\u2660', '8\u2663', '6\u2660', 'T\u2666'], 'Ocean_hand': ['J\u2666', '4\u2666', '9\u2665', 'A\u2660', '3\u2666', '8\u2660', '8\u2663', '6\u2660', 'T\u2666'], 'Table_hand': ['9\u2665', 'A\u2660', '3\u2666', '8\u2660', '8\u2663', '6\u2660', 'T\u2666'], 'Nelly_hand_score': ['Pair or better', 'Pair'], 'Smith_hand_score': ['Pair or better', 'Pair', 'Three of a kind', 'Full house'], 'Ocean_hand_score': ['Pair or better']}
INFO:__main__:{'player_hand': ['8\u2666', '2\u2666', '2\u2665', 'Q\u2663', '9\u2660', 'J\u2665', '4\u2665', '5\u2660', '4\u2663'], 'player_hand_score': ['Pair or better', 'Pair'], 'Nelly_hand': ['2\u2660', 'T\u2663', '2\u2665', 'Q\u2663', '9\u2660', 'J\u2665', '4\u2665', '5\u2660', '4\u2663'], 'Smith_hand': ['7\u2660', 'T\u2666', '2\u2665', 'Q\u2663', '9\u2660', 'J\u2665', '4\u2665', '5\u2660', '4\u2663'], 'Ocean_hand': ['9\u2666', '6\u2665', '2\u2665', 'Q\u2663', '9\u2660', 'J\u2665', '4\u2665', '5\u2660', '4\u2663'], 'Table_hand': ['2\u2665', 'Q\u2663', '9\u2660', 'J\u2665', '4\u2665', '5\u2660', '4\u2663'], 'Nelly_hand_score': ['Pair or better', 'Pair'], 'Smith_hand_score': ['Pair or better'], 'Ocean_hand_score': ['Pair or better', 'Pair']}
INFO:__main__:{'player_hand': ['5\u2660', 'A\u2663', 'K\u2663', 'J\u2660', 'J\u2665', '5\u2665', 'A\u2666', '7\u2660', '8\u2663'], 'player_hand_score': ['Pair or better', 'Pair'], 'Nelly_hand': ['6\u2660', 'A\u2660', 'K\u2663', 'J\u2660', 'J\u2665', '5\u2665', 'A\u2666', '7\u2660', '8\u2663'], 'Smith_hand': ['K\u2660', '6\u2663', 'K\u2663', 'J\u2660', 'J\u2665', '5\u2665', 'A\u2666', '7\u2660', '8\u2663'], 'Ocean_hand': ['Q\u2660', '4\u2665', 'K\u2663', 'J\u2660', 'J\u2665', '5\u2665', 'A\u2666', '7\u2660', '8\u2663'], 'Table_hand': ['K\u2663', 'J\u2660', 'J\u2665', '5\u2665', 'A\u2666', '7\u2660', '8\u2663'], 'Nelly_hand_score': ['Pair or better', 'Pair'], 'Smith_hand_score': ['Pair or better', 'Pair'], 'Ocean_hand_score': ['Pair or better']}
INFO:__main__:{'player_hand': ['Q\u2666', '9\u2660', '8\u2666', '7\u2666', 'K\u2665', 'Q\u2665', 'A\u2666', 'K\u2663', '9\u2665'], 'player_hand_score': ['Pair or better', 'Pair'], 'Nelly_hand': ['4\u2665', '5\u2665', '8\u2666', '7\u2666', 'K\u2665', 'Q\u2665', 'A\u2666', 'K\u2663', '9\u2665'], 'Smith_hand': ['A\u2663', '6\u2665', '8\u2666', '7\u2666', 'K\u2665', 'Q\u2665', 'A\u2666', 'K\u2663', '9\u2665'], 'Ocean_hand': ['2\u2663', '9\u2663', '8\u2666', '7\u2666', 'K\u2665', 'Q\u2665', 'A\u2666', 'K\u2663', '9\u2665'], 'Table_hand': ['8\u2666', '7\u2666', 'K\u2665', 'Q\u2665', 'A\u2666', 'K\u2663', '9\u2665'], 'Nelly_hand_score': ['Pair or better', 'Flush'], 'Smith_hand_score': ['Pair or better', 'Pair'], 'Ocean_hand_score': ['Pair or better', 'Pair']}
INFO:__main__:{'player_hand': ['3\u2665', '7\u2665', '2\u2663', '4\u2666', 'J\u2665', 'T\u2666', '8\u2660', 'T\u2663', '3\u2666'], 'player_hand_score': ['Pair or better', 'Pair'], 'Nelly_hand': ['6\u2665', 'K\u2666', '2\u2663', '4\u2666', 'J\u2665', 'T\u2666', '8\u2660', 'T\u2663', '3\u2666'], 'Smith_hand': ['4\u2663', '6\u2660', '2\u2663', '4\u2666', 'J\u2665', 'T\u2666', '8\u2660', 'T\u2663', '3\u2666'], 'Ocean_hand': ['3\u2660', '9\u2660', '2\u2663', '4\u2666', 'J\u2665', 'T\u2666', '8\u2660', 'T\u2663', '3\u2666'], 'Table_hand': ['2\u2663', '4\u2666', 'J\u2665', 'T\u2666', '8\u2660', 'T\u2663', '3\u2666'], 'Nelly_hand_score': ['Pair or better'], 'Smith_hand_score': ['Pair or better', 'Pair'], 'Ocean_hand_score': ['Pair or better', 'Pair']}
INFO:__main__:{'player_hand': ['2\u2663', '4\u2660', '7\u2660', 'K\u2660', '5\u2663', '5\u2666', 'T\u2663', 'Q\u2666', '3\u2660'], 'player_hand_score': ['Pair or better'], 'Nelly_hand': ['J\u2665', 'A\u2665', '7\u2660', 'K\u2660', '5\u2663', '5\u2666', 'T\u2663', 'Q\u2666', '3\u2660'], 'Smith_hand': ['5\u2660', 'A\u2666', '7\u2660', 'K\u2660', '5\u2663', '5\u2666', 'T\u2663', 'Q\u2666', '3\u2660'], 'Ocean_hand': ['6\u2663', '2\u2665', '7\u2660', 'K\u2660', '5\u2663', '5\u2666', 'T\u2663', 'Q\u2666', '3\u2660'], 'Table_hand': ['7\u2660', 'K\u2660', '5\u2663', '5\u2666', 'T\u2663', 'Q\u2666', '3\u2660'], 'Nelly_hand_score': ['Pair or better', 'Straight'], 'Smith_hand_score': ['Pair or better', 'Three of a kind'], 'Ocean_hand_score': ['Pair or better']}
