INFO:__main__:Started poker
INFO:__main__:{'player_hand': ['7\u2666', '6\u2665', '2\u2666', 'Q\u2665', '8\u2663', '9\u2663', 'T\u2660', '5\u2665', '4\u2666'], 'player_hand_score': {'High Card': [10], 'Straight': [6]}, 'Nelly_hand': ['4\u2665', '8\u2666', '2\u2666', 'Q\u2665', '8\u2663', '9\u2663', 'T\u2660', '5\u2665', '4\u2666'], 'Smith_hand': ['9\u2665', '6\u2666', '2\u2666', 'Q\u2665', '8\u2663', '9\u2663', 'T\u2660', '5\u2665', '4\u2666'], 'Ocean_hand': ['3\u2666', 'A\u2660', '2\u2666', 'Q\u2665', '8\u2663', '9\u2663', 'T\u2660', '5\u2665', '4\u2666'], 'Table_hand': ['2\u2666', 'Q\u2665', '8\u2663', '9\u2663', 'T\u2660', '5\u2665', '4\u2666'], 'Nelly_hand_score': {'High Card': [10], 'Single Pair': [9], 'Double Pair': [8]}, 'Smith_hand_score': {'High Card': [10]}, 'Ocean_hand_score': {'High Card': [10]}}
INFO:__main__:{'player_hand': ['K\u2660', '4\u2666', '9\u2666', '7\u2665', '9\u2663', 'T\u2663', 'J\u2660', '2\u2666', '5\u2666'], 'player_hand_score': {'High Card': [10]}, 'Nelly_hand': ['3\u2663', '6\u2660', '9\u2666', '7\u2665', '9\u2663', 'T\u2663', 'J\u2660', '2\u2666', '5\u2666'], 'Smith_hand': ['5\u2663', 'K\u2665', '9\u2666', '7\u2665', '9\u2663', 'T\u2663', 'J\u2660', '2\u2666', '5\u2666'], 'Ocean_hand': ['4\u2660', '7\u2666', '9\u2666', '7\u2665', '9\u2663', 'T\u2663', 'J\u2660', '2\u2666', '5\u2666'], 'Table_hand': ['9\u2666', '7\u2665', '9\u2663', 'T\u2663', 'J\u2660', '2\u2666', '5\u2666'], 'Nelly_hand_score': {'High Card': [10]}, 'Smith_hand_score': {'High Card': [10], 'Single Pair': [9], 'Double Pair': [8]}, 'Ocean_hand_score': {'High Card': [10], 'Single Pair': [9], 'Double Pair': [8]}}
INFO:__main__:Started poker
INFO:__main__:{'player_hand': ['J\u2660', '8\u2665', 'K\u2660', '7\u2666', '4\u2663', 'Q\u2666', 'K\u2666', '2\u2663', '8\u2666'], 'player_hand_score': {'High Card': [10], 'Single Pair': [9]}, 'Nelly_hand': ['A\u2665', '2\u2660', 'K\u2660', '7\u2666', '4\u2663', 'Q\u2666', 'K\u2666', '2\u2663', '8\u2666'], 'Smith_hand': ['J\u2663', 'A\u2660', 'K\u2660', '7\u2666', '4\u2663', 'Q\u2666', 'K\u2666', '2\u2663', '8\u2666'], 'Ocean_hand': ['T\u2660', 'J\u2666', 'K\u2660', '7\u2666', '4\u2663', 'Q\u2666', 'K\u2666', '2\u2663', '8\u2666'], 'Table_hand': ['K\u2660', '7\u2666', '4\u2663', 'Q\u2666', 'K\u2666', '2\u2663', '8\u2666'], 'Nelly_hand_score': {'High Card': [10], 'Single Pair': [9]}, 'Smith_hand_score': {'High Card': [10]}, 'Ocean_hand_score': {'High Card': [10], 'Flush': [5]}}
ERROR:__main__:list.remove(x): x not in list
Traceback (most recent call last):
  File "C:\Users\cgzho\OneDrive\Documents\GitHub\CardLineInterface\CardLineInterface.py", line 492, in game_state
    poker().game_state()
  File "C:\Users\cgzho\OneDrive\Documents\GitHub\CardLineInterface\CardLineInterface.py", line 474, in game_state
    cpu.score = game.score_hand(hand = cpu_hand_final_temp, score_actor = cpu.score)
                ^^^^^^^^^^^^^^^^^^^^^^^^^^^^^^^^^^^^^^^^^^^^^^^^^^^^^^^^^^^^^^^^^^^^
  File "C:\Users\cgzho\OneDrive\Documents\GitHub\CardLineInterface\CardLineInterface.py", line 558, in score_hand
    rank_multiples_temp.remove(2)
ValueError: list.remove(x): x not in list
INFO:__main__:Started poker
INFO:__main__:{'player_hand': ['2\u2663', 'K\u2666', '5\u2666', 'J\u2666', 'Q\u2665', '8\u2660', 'K\u2660', '7\u2660', 'A\u2666'], 'player_hand_score': {'High Card': [10]}, 'Nelly_hand': ['J\u2663', 'J\u2660', '5\u2666', 'J\u2666', 'Q\u2665', '8\u2660', 'K\u2660', '7\u2660', 'A\u2666'], 'Smith_hand': ['4\u2663', '3\u2660', '5\u2666', 'J\u2666', 'Q\u2665', '8\u2660', 'K\u2660', '7\u2660', 'A\u2666'], 'Ocean_hand': ['2\u2660', '3\u2666', '5\u2666', 'J\u2666', 'Q\u2665', '8\u2660', 'K\u2660', '7\u2660', 'A\u2666'], 'Table_hand': ['5\u2666', 'J\u2666', 'Q\u2665', '8\u2660', 'K\u2660', '7\u2660', 'A\u2666'], 'Nelly_hand_score': {'High Card': [10], 'Three of a kind': [7]}, 'Smith_hand_score': {'High Card': [10]}, 'Ocean_hand_score': {'High Card': [10]}}
ERROR:__main__:argument of type 'NoneType' is not iterable
Traceback (most recent call last):
  File "C:\Users\cgzho\OneDrive\Documents\GitHub\CardLineInterface\CardLineInterface.py", line 492, in game_state
    poker().game_state()
  File "C:\Users\cgzho\OneDrive\Documents\GitHub\CardLineInterface\CardLineInterface.py", line 474, in game_state
    cpu.score = game.score_hand(hand = cpu_hand_final_temp, score_actor = cpu.score)
                ^^^^^^^^^^^^^^^^^^^^^^^^^^^^^^^^^^^^^^^^^^^^^^^^^^^^^^^^^^^^^^^^^^^^
  File "C:\Users\cgzho\OneDrive\Documents\GitHub\CardLineInterface\CardLineInterface.py", line 559, in score_hand
    if 2 in rank_multiples_temp:
       ^^^^^^^^^^^^^^^^^^^^^^^^
TypeError: argument of type 'NoneType' is not iterable
INFO:__main__:Started poker
INFO:__main__:{'player_hand': ['6\u2663', '5\u2666', '7\u2660', '3\u2665', '6\u2660', 'K\u2665', '5\u2665', '8\u2660', '8\u2665'], 'player_hand_score': {'High Card': [10], 'Single Pair': [9], 'Double Pair': [8]}, 'Nelly_hand': ['Q\u2665', 'T\u2665', '7\u2660', '3\u2665', '6\u2660', 'K\u2665', '5\u2665', '8\u2660', '8\u2665'], 'Smith_hand': ['Q\u2666', 'K\u2660', '7\u2660', '3\u2665', '6\u2660', 'K\u2665', '5\u2665', '8\u2660', '8\u2665'], 'Ocean_hand': ['9\u2663', '6\u2666', '7\u2660', '3\u2665', '6\u2660', 'K\u2665', '5\u2665', '8\u2660', '8\u2665'], 'Table_hand': ['7\u2660', '3\u2665', '6\u2660', 'K\u2665', '5\u2665', '8\u2660', '8\u2665'], 'Nelly_hand_score': {'High Card': [10], 'Flush': [5]}, 'Smith_hand_score': {'High Card': [10], 'Single Pair': [9], 'Double Pair': [8]}, 'Ocean_hand_score': {'High Card': [10], 'Single Pair': [9], 'Double Pair': [8], 'Straight': [6]}}
INFO:__main__:Started poker
INFO:__main__:{'player_hand': ['Q\u2663', '5\u2666', '3\u2660', '2\u2660', 'A\u2665', 'J\u2660', 'A\u2660', 'K\u2666', '3\u2663'], 'player_hand_score': {'High Card': [10], 'rank_multiples': [1, 1, 1, 1, 1, 2], 'Single Pair': [9], 'Double Pair': [8]}, 'Nelly_hand': ['9\u2663', '2\u2663', '3\u2660', '2\u2660', 'A\u2665', 'J\u2660', 'A\u2660', 'K\u2666', '3\u2663'], 'Smith_hand': ['T\u2663', '9\u2666', '3\u2660', '2\u2660', 'A\u2665', 'J\u2660', 'A\u2660', 'K\u2666', '3\u2663'], 'Ocean_hand': ['6\u2666', 'Q\u2666', '3\u2660', '2\u2660', 'A\u2665', 'J\u2660', 'A\u2660', 'K\u2666', '3\u2663'], 'Table_hand': ['3\u2660', '2\u2660', 'A\u2665', 'J\u2660', 'A\u2660', 'K\u2666', '3\u2663'], 'Nelly_hand_score': {'High Card': [10], 'rank_multiples': [2, 1, 1, 1, 2], 'Single Pair': [9], 'Double Pair': [8]}, 'Smith_hand_score': {'High Card': [10], 'rank_multiples': [1, 1, 1, 1, 1, 2], 'Single Pair': [9], 'Double Pair': [8]}, 'Ocean_hand_score': {'High Card': [10], 'rank_multiples': [1, 1, 1, 1, 1, 2], 'Single Pair': [9], 'Double Pair': [8]}}
INFO:__main__:Started poker
INFO:__main__:{'player_hand': ['2\u2666', '3\u2663', 'J\u2665', '4\u2663', '4\u2665', '5\u2665', '5\u2663', '6\u2666', '6\u2665'], 'player_hand_score': {'High Card': [10], 'rank_multiples': [1, 1, 2, 2, 1], 'Single Pair': [9], 'Double Pair': [8], 'Straight': [6]}, 'Nelly_hand': ['3\u2665', 'Q\u2666', 'J\u2665', '4\u2663', '4\u2665', '5\u2665', '5\u2663', '6\u2666', '6\u2665'], 'Smith_hand': ['Q\u2660', '3\u2660', 'J\u2665', '4\u2663', '4\u2665', '5\u2665', '5\u2663', '6\u2666', '6\u2665'], 'Ocean_hand': ['7\u2666', '9\u2660', 'J\u2665', '4\u2663', '4\u2665', '5\u2665', '5\u2663', '6\u2666', '6\u2665'], 'Table_hand': ['J\u2665', '4\u2663', '4\u2665', '5\u2665', '5\u2663', '6\u2666', '6\u2665'], 'Nelly_hand_score': {'High Card': [10], 'rank_multiples': [1, 2, 2, 1, 1], 'Single Pair': [9], 'Double Pair': [8], 'Flush': [5]}, 'Smith_hand_score': {'High Card': [10], 'rank_multiples': [1, 2, 2, 1, 1], 'Single Pair': [9], 'Double Pair': [8]}, 'Ocean_hand_score': {'High Card': [10], 'rank_multiples': [2, 2, 1, 1, 1], 'Single Pair': [9], 'Double Pair': [8]}}
INFO:__main__:{'player_hand': ['5\u2660', 'J\u2665', '9\u2665', 'K\u2665', '4\u2663', '5\u2663', '4\u2666', 'J\u2660', '6\u2666'], 'player_hand_score': {'High Card': [10], 'rank_multiples': [2, 1, 1, 2, 1], 'Single Pair': [9], 'Double Pair': [8]}, 'Nelly_hand': ['6\u2660', 'A\u2663', '9\u2665', 'K\u2665', '4\u2663', '5\u2663', '4\u2666', 'J\u2660', '6\u2666'], 'Smith_hand': ['7\u2663', '2\u2663', '9\u2665', 'K\u2665', '4\u2663', '5\u2663', '4\u2666', 'J\u2660', '6\u2666'], 'Ocean_hand': ['6\u2665', 'A\u2660', '9\u2665', 'K\u2665', '4\u2663', '5\u2663', '4\u2666', 'J\u2660', '6\u2666'], 'Table_hand': ['9\u2665', 'K\u2665', '4\u2663', '5\u2663', '4\u2666', 'J\u2660', '6\u2666'], 'Nelly_hand_score': {'High Card': [10], 'rank_multiples': [1, 2, 1, 1, 1, 1], 'Single Pair': [9], 'Double Pair': [8]}, 'Smith_hand_score': {'High Card': [10], 'rank_multiples': [1, 1, 1, 1, 1, 1, 1], 'Single Pair': [9]}, 'Ocean_hand_score': {'High Card': [10], 'rank_multiples': [1, 2, 1, 1, 1, 1], 'Single Pair': [9], 'Double Pair': [8]}}
INFO:__main__:Started poker
INFO:__main__:{'player_hand': ['2\u2663', 'T\u2665', '9\u2663', '4\u2660', 'J\u2666', '2\u2665', '4\u2665', 'K\u2665'], 'player_hand_score': {'High Card': [10], 'rank_multiples': [2, 1, 1, 1, 1], 'Single Pair': [9], 'Double Pair': [8]}, 'Nelly_hand': ['6\u2666', 'Q\u2660', '9\u2663', '4\u2660', 'J\u2666', '2\u2665', '4\u2665', 'K\u2665'], 'Smith_hand': ['5\u2660', 'Q\u2663', '9\u2663', '4\u2660', 'J\u2666', '2\u2665', '4\u2665', 'K\u2665'], 'Ocean_hand': ['8\u2663', '3\u2663', '9\u2663', '4\u2660', 'J\u2666', '2\u2665', '4\u2665', 'K\u2665'], 'Table_hand': ['9\u2663', '4\u2660', 'J\u2666', '2\u2665', '4\u2665', 'K\u2665'], 'Nelly_hand_score': {'High Card': [10], 'rank_multiples': [1, 1, 1, 1, 1, 1], 'Single Pair': [9]}, 'Smith_hand_score': {'High Card': [10], 'rank_multiples': [1, 1, 1, 1, 1, 1], 'Single Pair': [9]}, 'Ocean_hand_score': {'High Card': [10], 'rank_multiples': [1, 1, 1, 1, 1, 1], 'Single Pair': [9]}}
