INFO:__main__:Started blackjack
INFO:__main__:{'player_hand': ['J\u2663', '9\u2665'], 'dealer_hand': ['A\u2665', '5\u2665', '6\u2663', '7\u2663'], 'player_hand_score': 19, 'dealer_hand_score': 19}
INFO:__main__:{'player_hand': ['7\u2666', 'J\u2665'], 'dealer_hand': ['J\u2666', '2\u2666', '6\u2666'], 'player_hand_score': 17, 'dealer_hand_score': 18}
INFO:__main__:Dealer score 15
INFO:__main__:{'player_hand': ['8\u2665', 'A\u2660'], 'dealer_hand': ['5\u2666', 'T\u2666', 'J\u2660'], 'player_hand_score': 19, 'dealer_hand_score': 25}
INFO:__main__:Dealer score 15
INFO:__main__:{'player_hand': ['A\u2663', 'J\u2660'], 'dealer_hand': ['8\u2666', '7\u2666', '3\u2660', 'T\u2660'], 'player_hand_score': 21, 'dealer_hand_score': 28}
INFO:__main__:Started blackjack
INFO:__main__:{'player_hand': ['5\u2660', 'A\u2665', '3\u2666'], 'dealer_hand': ['K\u2665', 'J\u2660'], 'player_hand_score': 19, 'dealer_hand_score': 20}
INFO:__main__:Started blackjack
INFO:__main__:{'player_hand': ['Q\u2660', '8\u2665', '3\u2663'], 'dealer_hand': ['T\u2663', '8\u2666', '5\u2665'], 'player_hand_score': 21, 'dealer_hand_score': 23}
INFO:__main__:{'player_hand': ['T\u2663', 'Q\u2666'], 'dealer_hand': ['K\u2663', '6\u2663', 'J\u2665'], 'player_hand_score': 20, 'dealer_hand_score': 26}
INFO:__main__:{'player_hand': ['J\u2660', '7\u2666', '2\u2666'], 'dealer_hand': ['8\u2665', 'T\u2666', '4\u2660'], 'player_hand_score': 19, 'dealer_hand_score': 22}
INFO:__main__:Started blackjack
INFO:__main__:{'player_hand': ['Q\u2663', 'A\u2666'], 'dealer_hand': ['9\u2660', 'J\u2663', '4\u2666'], 'player_hand_score': 21, 'dealer_hand_score': 23}
INFO:__main__:{'player_hand': ['7\u2663', '2\u2666', 'Q\u2660'], 'dealer_hand': ['3\u2665', '7\u2666', 'K\u2663'], 'player_hand_score': 19, 'dealer_hand_score': 20}
INFO:__main__:{'player_hand': ['5\u2665', '3\u2665', '9\u2665', 'J\u2666'], 'dealer_hand': ['A\u2663', '4\u2665'], 'player_hand_score': 27, 'dealer_hand_score': 15}
INFO:__main__:{'player_hand': ['2\u2660', 'A\u2666', 'J\u2663', 'J\u2660'], 'dealer_hand': ['6\u2665', '7\u2665'], 'player_hand_score': 23, 'dealer_hand_score': 13}
INFO:__main__:{'player_hand': ['6\u2666', 'J\u2665'], 'dealer_hand': ['5\u2660', '4\u2666', '9\u2665'], 'player_hand_score': 16, 'dealer_hand_score': 18}
INFO:__main__:{'player_hand': ['6\u2663', '7\u2660', '9\u2660'], 'dealer_hand': ['9\u2665', '2\u2666'], 'player_hand_score': 22, 'dealer_hand_score': 11}
INFO:__main__:{'player_hand': ['2\u2665', 'K\u2660', 'T\u2660'], 'dealer_hand': ['8\u2660', '9\u2666'], 'player_hand_score': 22, 'dealer_hand_score': 17}
INFO:__main__:{'player_hand': ['A\u2660', 'T\u2666'], 'dealer_hand': ['3\u2666', 'A\u2663', '6\u2665', '7\u2665', '6\u2660'], 'player_hand_score': 21, 'dealer_hand_score': 23}
INFO:__main__:{'player_hand': ['8\u2663', 'T\u2663'], 'dealer_hand': ['4\u2665', '8\u2660', '2\u2665', '9\u2660'], 'player_hand_score': 18, 'dealer_hand_score': 23}
INFO:__main__:{'player_hand': ['3\u2665', '3\u2660', 'A\u2665', '8\u2660', 'Q\u2666'], 'dealer_hand': ['8\u2665', 'A\u2666'], 'player_hand_score': 25, 'dealer_hand_score': 19}
INFO:__main__:{'player_hand': ['9\u2665', '6\u2663', '2\u2665'], 'dealer_hand': ['T\u2665', '8\u2666'], 'player_hand_score': 17, 'dealer_hand_score': 18}
INFO:__main__:Dealer score 15
INFO:__main__:{'player_hand': ['8\u2660', 'Q\u2663'], 'dealer_hand': ['Q\u2660', '5\u2660', '7\u2660'], 'player_hand_score': 18, 'dealer_hand_score': 22}
INFO:__main__:Started blackjack
INFO:__main__:{'player_hand': ['T\u2663', 'K\u2666'], 'dealer_hand': ['T\u2666', 'K\u2663'], 'player_hand_score': 20, 'dealer_hand_score': 20}
